
CoupledL2
CoupledL2.allIvyDeps
CoupledL2.allScalacOptions
CoupledL2.allSourceFiles
CoupledL2.allSources
CoupledL2.ammoniteReplClasspath
CoupledL2.ammoniteVersion
CoupledL2.artifactId
CoupledL2.artifactName
CoupledL2.artifactNameParts
CoupledL2.artifactScalaVersion
CoupledL2.artifactSuffix
CoupledL2.assembly
CoupledL2.bspCompileClassesPath
CoupledL2.bspCompileClasspath
CoupledL2.bspCompiledClassesAndSemanticDbFiles
CoupledL2.bspLocalClasspath
CoupledL2.bspTransitiveCompileClasspath
CoupledL2.bspTransitiveLocalClasspath
CoupledL2.chiselPluginJar
CoupledL2.compile
CoupledL2.compileClasspath
CoupledL2.compileIvyDeps
CoupledL2.compileResources
CoupledL2.compiledClassesAndSemanticDbFiles
CoupledL2.console
CoupledL2.crossFullScalaVersion
CoupledL2.docJar
CoupledL2.docJarUseArgsFile
CoupledL2.docResources
CoupledL2.docSources
CoupledL2.finalMainClass
CoupledL2.finalMainClassOpt
CoupledL2.forkArgs
CoupledL2.forkEnv
CoupledL2.forkWorkingDir
CoupledL2.generatedSources
CoupledL2.huancunModule
CoupledL2.huancunModule.allIvyDeps
CoupledL2.huancunModule.allScalacOptions
CoupledL2.huancunModule.allSourceFiles
CoupledL2.huancunModule.allSources
CoupledL2.huancunModule.ammoniteReplClasspath
CoupledL2.huancunModule.ammoniteVersion
CoupledL2.huancunModule.artifactId
CoupledL2.huancunModule.artifactName
CoupledL2.huancunModule.artifactNameParts
CoupledL2.huancunModule.artifactScalaVersion
CoupledL2.huancunModule.artifactSuffix
CoupledL2.huancunModule.assembly
CoupledL2.huancunModule.bspCompileClassesPath
CoupledL2.huancunModule.bspCompileClasspath
CoupledL2.huancunModule.bspCompiledClassesAndSemanticDbFiles
CoupledL2.huancunModule.bspLocalClasspath
CoupledL2.huancunModule.bspTransitiveCompileClasspath
CoupledL2.huancunModule.bspTransitiveLocalClasspath
CoupledL2.huancunModule.compile
CoupledL2.huancunModule.compileClasspath
CoupledL2.huancunModule.compileIvyDeps
CoupledL2.huancunModule.compileResources
CoupledL2.huancunModule.compiledClassesAndSemanticDbFiles
CoupledL2.huancunModule.console
CoupledL2.huancunModule.crossFullScalaVersion
CoupledL2.huancunModule.docJar
CoupledL2.huancunModule.docJarUseArgsFile
CoupledL2.huancunModule.docResources
CoupledL2.huancunModule.docSources
CoupledL2.huancunModule.finalMainClass
CoupledL2.huancunModule.finalMainClassOpt
CoupledL2.huancunModule.forkArgs
CoupledL2.huancunModule.forkEnv
CoupledL2.huancunModule.forkWorkingDir
CoupledL2.huancunModule.generatedSources
CoupledL2.huancunModule.ideaCompileOutput
CoupledL2.huancunModule.ivyDeps
CoupledL2.huancunModule.ivyDepsTree
CoupledL2.huancunModule.jar
CoupledL2.huancunModule.javacOptions
CoupledL2.huancunModule.javadocOptions
CoupledL2.huancunModule.launcher
CoupledL2.huancunModule.localClasspath
CoupledL2.huancunModule.mainClass
CoupledL2.huancunModule.mandatoryIvyDeps
CoupledL2.huancunModule.mandatoryScalacOptions
CoupledL2.huancunModule.manifest
CoupledL2.huancunModule.platformSuffix
CoupledL2.huancunModule.prepareOffline
CoupledL2.huancunModule.prependShellScript
CoupledL2.huancunModule.repl
CoupledL2.huancunModule.resolvedAmmoniteReplIvyDeps
CoupledL2.huancunModule.resolvedIvyDeps
CoupledL2.huancunModule.resolvedRunIvyDeps
CoupledL2.huancunModule.resolvedSemanticDbJavaPluginIvyDeps
CoupledL2.huancunModule.resources
CoupledL2.huancunModule.run
CoupledL2.huancunModule.runBackground
CoupledL2.huancunModule.runClasspath
CoupledL2.huancunModule.runIvyDeps
CoupledL2.huancunModule.runLocal
CoupledL2.huancunModule.runMain
CoupledL2.huancunModule.runMainBackground
CoupledL2.huancunModule.runMainLocal
CoupledL2.huancunModule.runUseArgsFile
CoupledL2.huancunModule.scalaCompilerClasspath
CoupledL2.huancunModule.scalaDocClasspath
CoupledL2.huancunModule.scalaDocOptions
CoupledL2.huancunModule.scalaDocPluginClasspath
CoupledL2.huancunModule.scalaDocPluginIvyDeps
CoupledL2.huancunModule.scalaLibraryIvyDeps
CoupledL2.huancunModule.scalaOrganization
CoupledL2.huancunModule.scalacOptions
CoupledL2.huancunModule.scalacPluginClasspath
CoupledL2.huancunModule.scalacPluginIvyDeps
CoupledL2.huancunModule.semanticDbData
CoupledL2.huancunModule.semanticDbEnablePluginScalacOptions
CoupledL2.huancunModule.semanticDbJavaVersion
CoupledL2.huancunModule.semanticDbPluginClasspath
CoupledL2.huancunModule.semanticDbPluginIvyDeps
CoupledL2.huancunModule.semanticDbScalaVersion
CoupledL2.huancunModule.semanticDbVersion
CoupledL2.huancunModule.showModuleDeps
CoupledL2.huancunModule.sourceJar
CoupledL2.huancunModule.sources
CoupledL2.huancunModule.transitiveCompileClasspath
CoupledL2.huancunModule.transitiveCompileIvyDeps
CoupledL2.huancunModule.transitiveIvyDeps
CoupledL2.huancunModule.transitiveLocalClasspath
CoupledL2.huancunModule.unmanagedClasspath
CoupledL2.huancunModule.upstreamAssembly
CoupledL2.huancunModule.upstreamAssemblyClasspath
CoupledL2.huancunModule.upstreamCompileOutput
CoupledL2.huancunModule.zincReportCachedProblems
CoupledL2.ideaCompileOutput
CoupledL2.ivyDeps
CoupledL2.ivyDepsTree
CoupledL2.jar
CoupledL2.javacOptions
CoupledL2.javadocOptions
CoupledL2.launcher
CoupledL2.localClasspath
CoupledL2.mainClass
CoupledL2.mandatoryIvyDeps
CoupledL2.mandatoryScalacOptions
CoupledL2.manifest
CoupledL2.platformSuffix
CoupledL2.prepareOffline
CoupledL2.prependShellScript
CoupledL2.repl
CoupledL2.resolvedAmmoniteReplIvyDeps
CoupledL2.resolvedIvyDeps
CoupledL2.resolvedRunIvyDeps
CoupledL2.resolvedSemanticDbJavaPluginIvyDeps
CoupledL2.resources
CoupledL2.rocketModule
CoupledL2.rocketModule.allIvyDeps
CoupledL2.rocketModule.allScalacOptions
CoupledL2.rocketModule.allSourceFiles
CoupledL2.rocketModule.allSources
CoupledL2.rocketModule.ammoniteReplClasspath
CoupledL2.rocketModule.ammoniteVersion
CoupledL2.rocketModule.artifactId
CoupledL2.rocketModule.artifactName
CoupledL2.rocketModule.artifactNameParts
CoupledL2.rocketModule.artifactScalaVersion
CoupledL2.rocketModule.artifactSuffix
CoupledL2.rocketModule.assembly
CoupledL2.rocketModule.bspCompileClassesPath
CoupledL2.rocketModule.bspCompileClasspath
CoupledL2.rocketModule.bspCompiledClassesAndSemanticDbFiles
CoupledL2.rocketModule.bspLocalClasspath
CoupledL2.rocketModule.bspTransitiveCompileClasspath
CoupledL2.rocketModule.bspTransitiveLocalClasspath
CoupledL2.rocketModule.compile
CoupledL2.rocketModule.compileClasspath
CoupledL2.rocketModule.compileIvyDeps
CoupledL2.rocketModule.compileResources
CoupledL2.rocketModule.compiledClassesAndSemanticDbFiles
CoupledL2.rocketModule.console
CoupledL2.rocketModule.crossFullScalaVersion
CoupledL2.rocketModule.docJar
CoupledL2.rocketModule.docJarUseArgsFile
CoupledL2.rocketModule.docResources
CoupledL2.rocketModule.docSources
CoupledL2.rocketModule.finalMainClass
CoupledL2.rocketModule.finalMainClassOpt
CoupledL2.rocketModule.forkArgs
CoupledL2.rocketModule.forkEnv
CoupledL2.rocketModule.forkWorkingDir
CoupledL2.rocketModule.generatedSources
CoupledL2.rocketModule.ideaCompileOutput
CoupledL2.rocketModule.ivyDeps
CoupledL2.rocketModule.ivyDepsTree
CoupledL2.rocketModule.jar
CoupledL2.rocketModule.javacOptions
CoupledL2.rocketModule.javadocOptions
CoupledL2.rocketModule.launcher
CoupledL2.rocketModule.localClasspath
CoupledL2.rocketModule.mainClass
CoupledL2.rocketModule.mandatoryIvyDeps
CoupledL2.rocketModule.mandatoryScalacOptions
CoupledL2.rocketModule.manifest
CoupledL2.rocketModule.platformSuffix
CoupledL2.rocketModule.prepareOffline
CoupledL2.rocketModule.prependShellScript
CoupledL2.rocketModule.repl
CoupledL2.rocketModule.resolvedAmmoniteReplIvyDeps
CoupledL2.rocketModule.resolvedIvyDeps
CoupledL2.rocketModule.resolvedRunIvyDeps
CoupledL2.rocketModule.resolvedSemanticDbJavaPluginIvyDeps
CoupledL2.rocketModule.resources
CoupledL2.rocketModule.run
CoupledL2.rocketModule.runBackground
CoupledL2.rocketModule.runClasspath
CoupledL2.rocketModule.runIvyDeps
CoupledL2.rocketModule.runLocal
CoupledL2.rocketModule.runMain
CoupledL2.rocketModule.runMainBackground
CoupledL2.rocketModule.runMainLocal
CoupledL2.rocketModule.runUseArgsFile
CoupledL2.rocketModule.scalaCompilerClasspath
CoupledL2.rocketModule.scalaDocClasspath
CoupledL2.rocketModule.scalaDocOptions
CoupledL2.rocketModule.scalaDocPluginClasspath
CoupledL2.rocketModule.scalaDocPluginIvyDeps
CoupledL2.rocketModule.scalaLibraryIvyDeps
CoupledL2.rocketModule.scalaOrganization
CoupledL2.rocketModule.scalacOptions
CoupledL2.rocketModule.scalacPluginClasspath
CoupledL2.rocketModule.scalacPluginIvyDeps
CoupledL2.rocketModule.semanticDbData
CoupledL2.rocketModule.semanticDbEnablePluginScalacOptions
CoupledL2.rocketModule.semanticDbJavaVersion
CoupledL2.rocketModule.semanticDbPluginClasspath
CoupledL2.rocketModule.semanticDbPluginIvyDeps
CoupledL2.rocketModule.semanticDbScalaVersion
CoupledL2.rocketModule.semanticDbVersion
CoupledL2.rocketModule.showModuleDeps
CoupledL2.rocketModule.sourceJar
CoupledL2.rocketModule.sources
CoupledL2.rocketModule.transitiveCompileClasspath
CoupledL2.rocketModule.transitiveCompileIvyDeps
CoupledL2.rocketModule.transitiveIvyDeps
CoupledL2.rocketModule.transitiveLocalClasspath
CoupledL2.rocketModule.unmanagedClasspath
CoupledL2.rocketModule.upstreamAssembly
CoupledL2.rocketModule.upstreamAssemblyClasspath
CoupledL2.rocketModule.upstreamCompileOutput
CoupledL2.rocketModule.zincReportCachedProblems
CoupledL2.run
CoupledL2.runBackground
CoupledL2.runClasspath
CoupledL2.runIvyDeps
CoupledL2.runLocal
CoupledL2.runMain
CoupledL2.runMainBackground
CoupledL2.runMainLocal
CoupledL2.runUseArgsFile
CoupledL2.scalaCompilerClasspath
CoupledL2.scalaDocClasspath
CoupledL2.scalaDocOptions
CoupledL2.scalaDocPluginClasspath
CoupledL2.scalaDocPluginIvyDeps
CoupledL2.scalaLibraryIvyDeps
CoupledL2.scalaOrganization
CoupledL2.scalaVersion
CoupledL2.scalacOptions
CoupledL2.scalacPluginClasspath
CoupledL2.scalacPluginIvyDeps
CoupledL2.semanticDbData
CoupledL2.semanticDbEnablePluginScalacOptions
CoupledL2.semanticDbJavaVersion
CoupledL2.semanticDbPluginClasspath
CoupledL2.semanticDbPluginIvyDeps
CoupledL2.semanticDbScalaVersion
CoupledL2.semanticDbVersion
CoupledL2.showModuleDeps
CoupledL2.sourceJar
CoupledL2.sources
CoupledL2.test
CoupledL2.test.allIvyDeps
CoupledL2.test.allScalacOptions
CoupledL2.test.allSourceFiles
CoupledL2.test.allSources
CoupledL2.test.ammoniteReplClasspath
CoupledL2.test.ammoniteVersion
CoupledL2.test.artifactId
CoupledL2.test.artifactName
CoupledL2.test.artifactNameParts
CoupledL2.test.artifactScalaVersion
CoupledL2.test.artifactSuffix
CoupledL2.test.assembly
CoupledL2.test.bspCompileClassesPath
CoupledL2.test.bspCompileClasspath
CoupledL2.test.bspCompiledClassesAndSemanticDbFiles
CoupledL2.test.bspLocalClasspath
CoupledL2.test.bspTransitiveCompileClasspath
CoupledL2.test.bspTransitiveLocalClasspath
CoupledL2.test.compile
CoupledL2.test.compileClasspath
CoupledL2.test.compileIvyDeps
CoupledL2.test.compileResources
CoupledL2.test.compiledClassesAndSemanticDbFiles
CoupledL2.test.console
CoupledL2.test.crossFullScalaVersion
CoupledL2.test.docJar
CoupledL2.test.docJarUseArgsFile
CoupledL2.test.docResources
CoupledL2.test.docSources
CoupledL2.test.finalMainClass
CoupledL2.test.finalMainClassOpt
CoupledL2.test.forkArgs
CoupledL2.test.forkEnv
CoupledL2.test.forkWorkingDir
CoupledL2.test.generatedSources
CoupledL2.test.ideaCompileOutput
CoupledL2.test.ivyDeps
CoupledL2.test.ivyDepsTree
CoupledL2.test.jar
CoupledL2.test.javacOptions
CoupledL2.test.javadocOptions
CoupledL2.test.launcher
CoupledL2.test.localClasspath
CoupledL2.test.mainClass
CoupledL2.test.mandatoryIvyDeps
CoupledL2.test.mandatoryScalacOptions
CoupledL2.test.manifest
CoupledL2.test.platformSuffix
CoupledL2.test.prepareOffline
CoupledL2.test.prependShellScript
CoupledL2.test.repl
CoupledL2.test.resolvedAmmoniteReplIvyDeps
CoupledL2.test.resolvedIvyDeps
CoupledL2.test.resolvedRunIvyDeps
CoupledL2.test.resolvedSemanticDbJavaPluginIvyDeps
CoupledL2.test.resources
CoupledL2.test.run
CoupledL2.test.runBackground
CoupledL2.test.runClasspath
CoupledL2.test.runIvyDeps
CoupledL2.test.runLocal
CoupledL2.test.runMain
CoupledL2.test.runMainBackground
CoupledL2.test.runMainLocal
CoupledL2.test.runUseArgsFile
CoupledL2.test.scalaCompilerClasspath
CoupledL2.test.scalaDocClasspath
CoupledL2.test.scalaDocOptions
CoupledL2.test.scalaDocPluginClasspath
CoupledL2.test.scalaDocPluginIvyDeps
CoupledL2.test.scalaLibraryIvyDeps
CoupledL2.test.scalaOrganization
CoupledL2.test.scalaVersion
CoupledL2.test.scalacOptions
CoupledL2.test.scalacPluginClasspath
CoupledL2.test.scalacPluginIvyDeps
CoupledL2.test.semanticDbData
CoupledL2.test.semanticDbEnablePluginScalacOptions
CoupledL2.test.semanticDbJavaVersion
CoupledL2.test.semanticDbPluginClasspath
CoupledL2.test.semanticDbPluginIvyDeps
CoupledL2.test.semanticDbScalaVersion
CoupledL2.test.semanticDbVersion
CoupledL2.test.showModuleDeps
CoupledL2.test.sourceJar
CoupledL2.test.sources
CoupledL2.test.test
CoupledL2.test.testCached
CoupledL2.test.testCachedArgs
CoupledL2.test.testFramework
CoupledL2.test.testLocal
CoupledL2.test.testOnly
CoupledL2.test.testUseArgsFile
CoupledL2.test.transitiveCompileClasspath
CoupledL2.test.transitiveCompileIvyDeps
CoupledL2.test.transitiveIvyDeps
CoupledL2.test.transitiveLocalClasspath
CoupledL2.test.unmanagedClasspath
CoupledL2.test.upstreamAssembly
CoupledL2.test.upstreamAssemblyClasspath
CoupledL2.test.upstreamCompileOutput
CoupledL2.test.zincReportCachedProblems
CoupledL2.transitiveCompileClasspath
CoupledL2.transitiveCompileIvyDeps
CoupledL2.transitiveIvyDeps
CoupledL2.transitiveLocalClasspath
CoupledL2.unmanagedClasspath
CoupledL2.upstreamAssembly
CoupledL2.upstreamAssemblyClasspath
CoupledL2.upstreamCompileOutput
CoupledL2.utilityModule
CoupledL2.utilityModule.allIvyDeps
CoupledL2.utilityModule.allScalacOptions
CoupledL2.utilityModule.allSourceFiles
CoupledL2.utilityModule.allSources
CoupledL2.utilityModule.ammoniteReplClasspath
CoupledL2.utilityModule.ammoniteVersion
CoupledL2.utilityModule.artifactId
CoupledL2.utilityModule.artifactName
CoupledL2.utilityModule.artifactNameParts
CoupledL2.utilityModule.artifactScalaVersion
CoupledL2.utilityModule.artifactSuffix
CoupledL2.utilityModule.assembly
CoupledL2.utilityModule.bspCompileClassesPath
CoupledL2.utilityModule.bspCompileClasspath
CoupledL2.utilityModule.bspCompiledClassesAndSemanticDbFiles
CoupledL2.utilityModule.bspLocalClasspath
CoupledL2.utilityModule.bspTransitiveCompileClasspath
CoupledL2.utilityModule.bspTransitiveLocalClasspath
CoupledL2.utilityModule.compile
CoupledL2.utilityModule.compileClasspath
CoupledL2.utilityModule.compileIvyDeps
CoupledL2.utilityModule.compileResources
CoupledL2.utilityModule.compiledClassesAndSemanticDbFiles
CoupledL2.utilityModule.console
CoupledL2.utilityModule.crossFullScalaVersion
CoupledL2.utilityModule.docJar
CoupledL2.utilityModule.docJarUseArgsFile
CoupledL2.utilityModule.docResources
CoupledL2.utilityModule.docSources
CoupledL2.utilityModule.finalMainClass
CoupledL2.utilityModule.finalMainClassOpt
CoupledL2.utilityModule.forkArgs
CoupledL2.utilityModule.forkEnv
CoupledL2.utilityModule.forkWorkingDir
CoupledL2.utilityModule.generatedSources
CoupledL2.utilityModule.ideaCompileOutput
CoupledL2.utilityModule.ivyDeps
CoupledL2.utilityModule.ivyDepsTree
CoupledL2.utilityModule.jar
CoupledL2.utilityModule.javacOptions
CoupledL2.utilityModule.javadocOptions
CoupledL2.utilityModule.launcher
CoupledL2.utilityModule.localClasspath
CoupledL2.utilityModule.mainClass
CoupledL2.utilityModule.mandatoryIvyDeps
CoupledL2.utilityModule.mandatoryScalacOptions
CoupledL2.utilityModule.manifest
CoupledL2.utilityModule.platformSuffix
CoupledL2.utilityModule.prepareOffline
CoupledL2.utilityModule.prependShellScript
CoupledL2.utilityModule.repl
CoupledL2.utilityModule.resolvedAmmoniteReplIvyDeps
CoupledL2.utilityModule.resolvedIvyDeps
CoupledL2.utilityModule.resolvedRunIvyDeps
CoupledL2.utilityModule.resolvedSemanticDbJavaPluginIvyDeps
CoupledL2.utilityModule.resources
CoupledL2.utilityModule.run
CoupledL2.utilityModule.runBackground
CoupledL2.utilityModule.runClasspath
CoupledL2.utilityModule.runIvyDeps
CoupledL2.utilityModule.runLocal
CoupledL2.utilityModule.runMain
CoupledL2.utilityModule.runMainBackground
CoupledL2.utilityModule.runMainLocal
CoupledL2.utilityModule.runUseArgsFile
CoupledL2.utilityModule.scalaCompilerClasspath
CoupledL2.utilityModule.scalaDocClasspath
CoupledL2.utilityModule.scalaDocOptions
CoupledL2.utilityModule.scalaDocPluginClasspath
CoupledL2.utilityModule.scalaDocPluginIvyDeps
CoupledL2.utilityModule.scalaLibraryIvyDeps
CoupledL2.utilityModule.scalaOrganization
CoupledL2.utilityModule.scalacOptions
CoupledL2.utilityModule.scalacPluginClasspath
CoupledL2.utilityModule.scalacPluginIvyDeps
CoupledL2.utilityModule.semanticDbData
CoupledL2.utilityModule.semanticDbEnablePluginScalacOptions
CoupledL2.utilityModule.semanticDbJavaVersion
CoupledL2.utilityModule.semanticDbPluginClasspath
CoupledL2.utilityModule.semanticDbPluginIvyDeps
CoupledL2.utilityModule.semanticDbScalaVersion
CoupledL2.utilityModule.semanticDbVersion
CoupledL2.utilityModule.showModuleDeps
CoupledL2.utilityModule.sourceJar
CoupledL2.utilityModule.sources
CoupledL2.utilityModule.transitiveCompileClasspath
CoupledL2.utilityModule.transitiveCompileIvyDeps
CoupledL2.utilityModule.transitiveIvyDeps
CoupledL2.utilityModule.transitiveLocalClasspath
CoupledL2.utilityModule.unmanagedClasspath
CoupledL2.utilityModule.upstreamAssembly
CoupledL2.utilityModule.upstreamAssemblyClasspath
CoupledL2.utilityModule.upstreamCompileOutput
CoupledL2.utilityModule.zincReportCachedProblems
CoupledL2.zincReportCachedProblems
clean
huancun
huancun.allIvyDeps
huancun.allScalacOptions
huancun.allSourceFiles
huancun.allSources
huancun.ammoniteReplClasspath
huancun.ammoniteVersion
huancun.artifactId
huancun.artifactName
huancun.artifactNameParts
huancun.artifactScalaVersion
huancun.artifactSuffix
huancun.assembly
huancun.bspCompileClassesPath
huancun.bspCompileClasspath
huancun.bspCompiledClassesAndSemanticDbFiles
huancun.bspLocalClasspath
huancun.bspTransitiveCompileClasspath
huancun.bspTransitiveLocalClasspath
huancun.chiselPluginJar
huancun.compile
huancun.compileClasspath
huancun.compileIvyDeps
huancun.compileResources
huancun.compiledClassesAndSemanticDbFiles
huancun.console
huancun.crossFullScalaVersion
huancun.docJar
huancun.docJarUseArgsFile
huancun.docResources
huancun.docSources
huancun.finalMainClass
huancun.finalMainClassOpt
huancun.forkArgs
huancun.forkEnv
huancun.forkWorkingDir
huancun.generatedSources
huancun.ideaCompileOutput
huancun.ivyDeps
huancun.ivyDepsTree
huancun.jar
huancun.javacOptions
huancun.javadocOptions
huancun.launcher
huancun.localClasspath
huancun.mainClass
huancun.mandatoryIvyDeps
huancun.mandatoryScalacOptions
huancun.manifest
huancun.platformSuffix
huancun.prepareOffline
huancun.prependShellScript
huancun.repl
huancun.resolvedAmmoniteReplIvyDeps
huancun.resolvedIvyDeps
huancun.resolvedRunIvyDeps
huancun.resolvedSemanticDbJavaPluginIvyDeps
huancun.resources
huancun.run
huancun.runBackground
huancun.runClasspath
huancun.runIvyDeps
huancun.runLocal
huancun.runMain
huancun.runMainBackground
huancun.runMainLocal
huancun.runUseArgsFile
huancun.scalaCompilerClasspath
huancun.scalaDocClasspath
huancun.scalaDocOptions
huancun.scalaDocPluginClasspath
huancun.scalaDocPluginIvyDeps
huancun.scalaLibraryIvyDeps
huancun.scalaOrganization
huancun.scalaVersion
huancun.scalacOptions
huancun.scalacPluginClasspath
huancun.scalacPluginIvyDeps
huancun.semanticDbData
huancun.semanticDbEnablePluginScalacOptions
huancun.semanticDbJavaVersion
huancun.semanticDbPluginClasspath
huancun.semanticDbPluginIvyDeps
huancun.semanticDbScalaVersion
huancun.semanticDbVersion
huancun.showModuleDeps
huancun.sourceJar
huancun.sources
huancun.transitiveCompileClasspath
huancun.transitiveCompileIvyDeps
huancun.transitiveIvyDeps
huancun.transitiveLocalClasspath
huancun.unmanagedClasspath
huancun.upstreamAssembly
huancun.upstreamAssemblyClasspath
huancun.upstreamCompileOutput
huancun.zincReportCachedProblems
init
inspect
path
plan
resolve
rocketchip
rocketchip.allIvyDeps
rocketchip.allScalacOptions
rocketchip.allSourceFiles
rocketchip.allSources
rocketchip.ammoniteReplClasspath
rocketchip.ammoniteVersion
rocketchip.artifactId
rocketchip.artifactName
rocketchip.artifactNameParts
rocketchip.artifactScalaVersion
rocketchip.artifactSuffix
rocketchip.assembly
rocketchip.bspCompileClassesPath
rocketchip.bspCompileClasspath
rocketchip.bspCompiledClassesAndSemanticDbFiles
rocketchip.bspLocalClasspath
rocketchip.bspTransitiveCompileClasspath
rocketchip.bspTransitiveLocalClasspath
rocketchip.cde
rocketchip.cde.allIvyDeps
rocketchip.cde.allScalacOptions
rocketchip.cde.allSourceFiles
rocketchip.cde.allSources
rocketchip.cde.ammoniteReplClasspath
rocketchip.cde.ammoniteVersion
rocketchip.cde.artifactId
rocketchip.cde.artifactName
rocketchip.cde.artifactNameParts
rocketchip.cde.artifactScalaVersion
rocketchip.cde.artifactSuffix
rocketchip.cde.assembly
rocketchip.cde.bspCompileClassesPath
rocketchip.cde.bspCompileClasspath
rocketchip.cde.bspCompiledClassesAndSemanticDbFiles
rocketchip.cde.bspLocalClasspath
rocketchip.cde.bspTransitiveCompileClasspath
rocketchip.cde.bspTransitiveLocalClasspath
rocketchip.cde.chiselPluginJar
rocketchip.cde.compile
rocketchip.cde.compileClasspath
rocketchip.cde.compileIvyDeps
rocketchip.cde.compileResources
rocketchip.cde.compiledClassesAndSemanticDbFiles
rocketchip.cde.console
rocketchip.cde.crossFullScalaVersion
rocketchip.cde.docJar
rocketchip.cde.docJarUseArgsFile
rocketchip.cde.docResources
rocketchip.cde.docSources
rocketchip.cde.finalMainClass
rocketchip.cde.finalMainClassOpt
rocketchip.cde.forkArgs
rocketchip.cde.forkEnv
rocketchip.cde.forkWorkingDir
rocketchip.cde.generatedSources
rocketchip.cde.ideaCompileOutput
rocketchip.cde.ivyDeps
rocketchip.cde.ivyDepsTree
rocketchip.cde.jar
rocketchip.cde.javacOptions
rocketchip.cde.javadocOptions
rocketchip.cde.launcher
rocketchip.cde.localClasspath
rocketchip.cde.mainClass
rocketchip.cde.mandatoryIvyDeps
rocketchip.cde.mandatoryScalacOptions
rocketchip.cde.manifest
rocketchip.cde.platformSuffix
rocketchip.cde.prepareOffline
rocketchip.cde.prependShellScript
rocketchip.cde.repl
rocketchip.cde.resolvedAmmoniteReplIvyDeps
rocketchip.cde.resolvedIvyDeps
rocketchip.cde.resolvedRunIvyDeps
rocketchip.cde.resolvedSemanticDbJavaPluginIvyDeps
rocketchip.cde.resources
rocketchip.cde.run
rocketchip.cde.runBackground
rocketchip.cde.runClasspath
rocketchip.cde.runIvyDeps
rocketchip.cde.runLocal
rocketchip.cde.runMain
rocketchip.cde.runMainBackground
rocketchip.cde.runMainLocal
rocketchip.cde.runUseArgsFile
rocketchip.cde.scalaCompilerClasspath
rocketchip.cde.scalaDocClasspath
rocketchip.cde.scalaDocOptions
rocketchip.cde.scalaDocPluginClasspath
rocketchip.cde.scalaDocPluginIvyDeps
rocketchip.cde.scalaLibraryIvyDeps
rocketchip.cde.scalaOrganization
rocketchip.cde.scalaVersion
rocketchip.cde.scalacOptions
rocketchip.cde.scalacPluginClasspath
rocketchip.cde.scalacPluginIvyDeps
rocketchip.cde.semanticDbData
rocketchip.cde.semanticDbEnablePluginScalacOptions
rocketchip.cde.semanticDbJavaVersion
rocketchip.cde.semanticDbPluginClasspath
rocketchip.cde.semanticDbPluginIvyDeps
rocketchip.cde.semanticDbScalaVersion
rocketchip.cde.semanticDbVersion
rocketchip.cde.showModuleDeps
rocketchip.cde.sourceJar
rocketchip.cde.sources
rocketchip.cde.transitiveCompileClasspath
rocketchip.cde.transitiveCompileIvyDeps
rocketchip.cde.transitiveIvyDeps
rocketchip.cde.transitiveLocalClasspath
rocketchip.cde.unmanagedClasspath
rocketchip.cde.upstreamAssembly
rocketchip.cde.upstreamAssemblyClasspath
rocketchip.cde.upstreamCompileOutput
rocketchip.cde.zincReportCachedProblems
rocketchip.cdeModule
rocketchip.cdeModule.allIvyDeps
rocketchip.cdeModule.allScalacOptions
rocketchip.cdeModule.allSourceFiles
rocketchip.cdeModule.allSources
rocketchip.cdeModule.ammoniteReplClasspath
rocketchip.cdeModule.ammoniteVersion
rocketchip.cdeModule.artifactId
rocketchip.cdeModule.artifactName
rocketchip.cdeModule.artifactNameParts
rocketchip.cdeModule.artifactScalaVersion
rocketchip.cdeModule.artifactSuffix
rocketchip.cdeModule.assembly
rocketchip.cdeModule.bspCompileClassesPath
rocketchip.cdeModule.bspCompileClasspath
rocketchip.cdeModule.bspCompiledClassesAndSemanticDbFiles
rocketchip.cdeModule.bspLocalClasspath
rocketchip.cdeModule.bspTransitiveCompileClasspath
rocketchip.cdeModule.bspTransitiveLocalClasspath
rocketchip.cdeModule.chiselPluginJar
rocketchip.cdeModule.compile
rocketchip.cdeModule.compileClasspath
rocketchip.cdeModule.compileIvyDeps
rocketchip.cdeModule.compileResources
rocketchip.cdeModule.compiledClassesAndSemanticDbFiles
rocketchip.cdeModule.console
rocketchip.cdeModule.crossFullScalaVersion
rocketchip.cdeModule.docJar
rocketchip.cdeModule.docJarUseArgsFile
rocketchip.cdeModule.docResources
rocketchip.cdeModule.docSources
rocketchip.cdeModule.finalMainClass
rocketchip.cdeModule.finalMainClassOpt
rocketchip.cdeModule.forkArgs
rocketchip.cdeModule.forkEnv
rocketchip.cdeModule.forkWorkingDir
rocketchip.cdeModule.generatedSources
rocketchip.cdeModule.ideaCompileOutput
rocketchip.cdeModule.ivyDeps
rocketchip.cdeModule.ivyDepsTree
rocketchip.cdeModule.jar
rocketchip.cdeModule.javacOptions
rocketchip.cdeModule.javadocOptions
rocketchip.cdeModule.launcher
rocketchip.cdeModule.localClasspath
rocketchip.cdeModule.mainClass
rocketchip.cdeModule.mandatoryIvyDeps
rocketchip.cdeModule.mandatoryScalacOptions
rocketchip.cdeModule.manifest
rocketchip.cdeModule.platformSuffix
rocketchip.cdeModule.prepareOffline
rocketchip.cdeModule.prependShellScript
rocketchip.cdeModule.repl
rocketchip.cdeModule.resolvedAmmoniteReplIvyDeps
rocketchip.cdeModule.resolvedIvyDeps
rocketchip.cdeModule.resolvedRunIvyDeps
rocketchip.cdeModule.resolvedSemanticDbJavaPluginIvyDeps
rocketchip.cdeModule.resources
rocketchip.cdeModule.run
rocketchip.cdeModule.runBackground
rocketchip.cdeModule.runClasspath
rocketchip.cdeModule.runIvyDeps
rocketchip.cdeModule.runLocal
rocketchip.cdeModule.runMain
rocketchip.cdeModule.runMainBackground
rocketchip.cdeModule.runMainLocal
rocketchip.cdeModule.runUseArgsFile
rocketchip.cdeModule.scalaCompilerClasspath
rocketchip.cdeModule.scalaDocClasspath
rocketchip.cdeModule.scalaDocOptions
rocketchip.cdeModule.scalaDocPluginClasspath
rocketchip.cdeModule.scalaDocPluginIvyDeps
rocketchip.cdeModule.scalaLibraryIvyDeps
rocketchip.cdeModule.scalaOrganization
rocketchip.cdeModule.scalaVersion
rocketchip.cdeModule.scalacOptions
rocketchip.cdeModule.scalacPluginClasspath
rocketchip.cdeModule.scalacPluginIvyDeps
rocketchip.cdeModule.semanticDbData
rocketchip.cdeModule.semanticDbEnablePluginScalacOptions
rocketchip.cdeModule.semanticDbJavaVersion
rocketchip.cdeModule.semanticDbPluginClasspath
rocketchip.cdeModule.semanticDbPluginIvyDeps
rocketchip.cdeModule.semanticDbScalaVersion
rocketchip.cdeModule.semanticDbVersion
rocketchip.cdeModule.showModuleDeps
rocketchip.cdeModule.sourceJar
rocketchip.cdeModule.sources
rocketchip.cdeModule.transitiveCompileClasspath
rocketchip.cdeModule.transitiveCompileIvyDeps
rocketchip.cdeModule.transitiveIvyDeps
rocketchip.cdeModule.transitiveLocalClasspath
rocketchip.cdeModule.unmanagedClasspath
rocketchip.cdeModule.upstreamAssembly
rocketchip.cdeModule.upstreamAssemblyClasspath
rocketchip.cdeModule.upstreamCompileOutput
rocketchip.cdeModule.zincReportCachedProblems
rocketchip.chiselPluginJar
rocketchip.compile
rocketchip.compileClasspath
rocketchip.compileIvyDeps
rocketchip.compileResources
rocketchip.compiledClassesAndSemanticDbFiles
rocketchip.console
rocketchip.crossFullScalaVersion
rocketchip.docJar
rocketchip.docJarUseArgsFile
rocketchip.docResources
rocketchip.docSources
rocketchip.finalMainClass
rocketchip.finalMainClassOpt
rocketchip.forkArgs
rocketchip.forkEnv
rocketchip.forkWorkingDir
rocketchip.generatedSources
rocketchip.hardfloat
rocketchip.hardfloat.allIvyDeps
rocketchip.hardfloat.allScalacOptions
rocketchip.hardfloat.allSourceFiles
rocketchip.hardfloat.allSources
rocketchip.hardfloat.ammoniteReplClasspath
rocketchip.hardfloat.ammoniteVersion
rocketchip.hardfloat.artifactId
rocketchip.hardfloat.artifactName
rocketchip.hardfloat.artifactNameParts
rocketchip.hardfloat.artifactScalaVersion
rocketchip.hardfloat.artifactSuffix
rocketchip.hardfloat.assembly
rocketchip.hardfloat.bspCompileClassesPath
rocketchip.hardfloat.bspCompileClasspath
rocketchip.hardfloat.bspCompiledClassesAndSemanticDbFiles
rocketchip.hardfloat.bspLocalClasspath
rocketchip.hardfloat.bspTransitiveCompileClasspath
rocketchip.hardfloat.bspTransitiveLocalClasspath
rocketchip.hardfloat.chiselPluginJar
rocketchip.hardfloat.compile
rocketchip.hardfloat.compileClasspath
rocketchip.hardfloat.compileIvyDeps
rocketchip.hardfloat.compileResources
rocketchip.hardfloat.compiledClassesAndSemanticDbFiles
rocketchip.hardfloat.console
rocketchip.hardfloat.crossFullScalaVersion
rocketchip.hardfloat.docJar
rocketchip.hardfloat.docJarUseArgsFile
rocketchip.hardfloat.docResources
rocketchip.hardfloat.docSources
rocketchip.hardfloat.finalMainClass
rocketchip.hardfloat.finalMainClassOpt
rocketchip.hardfloat.forkArgs
rocketchip.hardfloat.forkEnv
rocketchip.hardfloat.forkWorkingDir
rocketchip.hardfloat.generatedSources
rocketchip.hardfloat.ideaCompileOutput
rocketchip.hardfloat.ivyDeps
rocketchip.hardfloat.ivyDepsTree
rocketchip.hardfloat.jar
rocketchip.hardfloat.javacOptions
rocketchip.hardfloat.javadocOptions
rocketchip.hardfloat.launcher
rocketchip.hardfloat.localClasspath
rocketchip.hardfloat.mainClass
rocketchip.hardfloat.mandatoryIvyDeps
rocketchip.hardfloat.mandatoryScalacOptions
rocketchip.hardfloat.manifest
rocketchip.hardfloat.platformSuffix
rocketchip.hardfloat.prepareOffline
rocketchip.hardfloat.prependShellScript
rocketchip.hardfloat.repl
rocketchip.hardfloat.resolvedAmmoniteReplIvyDeps
rocketchip.hardfloat.resolvedIvyDeps
rocketchip.hardfloat.resolvedRunIvyDeps
rocketchip.hardfloat.resolvedSemanticDbJavaPluginIvyDeps
rocketchip.hardfloat.resources
rocketchip.hardfloat.run
rocketchip.hardfloat.runBackground
rocketchip.hardfloat.runClasspath
rocketchip.hardfloat.runIvyDeps
rocketchip.hardfloat.runLocal
rocketchip.hardfloat.runMain
rocketchip.hardfloat.runMainBackground
rocketchip.hardfloat.runMainLocal
rocketchip.hardfloat.runUseArgsFile
rocketchip.hardfloat.scalaCompilerClasspath
rocketchip.hardfloat.scalaDocClasspath
rocketchip.hardfloat.scalaDocOptions
rocketchip.hardfloat.scalaDocPluginClasspath
rocketchip.hardfloat.scalaDocPluginIvyDeps
rocketchip.hardfloat.scalaLibraryIvyDeps
rocketchip.hardfloat.scalaOrganization
rocketchip.hardfloat.scalaVersion
rocketchip.hardfloat.scalacOptions
rocketchip.hardfloat.scalacPluginClasspath
rocketchip.hardfloat.scalacPluginIvyDeps
rocketchip.hardfloat.semanticDbData
rocketchip.hardfloat.semanticDbEnablePluginScalacOptions
rocketchip.hardfloat.semanticDbJavaVersion
rocketchip.hardfloat.semanticDbPluginClasspath
rocketchip.hardfloat.semanticDbPluginIvyDeps
rocketchip.hardfloat.semanticDbScalaVersion
rocketchip.hardfloat.semanticDbVersion
rocketchip.hardfloat.showModuleDeps
rocketchip.hardfloat.sourceJar
rocketchip.hardfloat.sources
rocketchip.hardfloat.transitiveCompileClasspath
rocketchip.hardfloat.transitiveCompileIvyDeps
rocketchip.hardfloat.transitiveIvyDeps
rocketchip.hardfloat.transitiveLocalClasspath
rocketchip.hardfloat.unmanagedClasspath
rocketchip.hardfloat.upstreamAssembly
rocketchip.hardfloat.upstreamAssemblyClasspath
rocketchip.hardfloat.upstreamCompileOutput
rocketchip.hardfloat.zincReportCachedProblems
rocketchip.hardfloatModule
rocketchip.hardfloatModule.allIvyDeps
rocketchip.hardfloatModule.allScalacOptions
rocketchip.hardfloatModule.allSourceFiles
rocketchip.hardfloatModule.allSources
rocketchip.hardfloatModule.ammoniteReplClasspath
rocketchip.hardfloatModule.ammoniteVersion
rocketchip.hardfloatModule.artifactId
rocketchip.hardfloatModule.artifactName
rocketchip.hardfloatModule.artifactNameParts
rocketchip.hardfloatModule.artifactScalaVersion
rocketchip.hardfloatModule.artifactSuffix
rocketchip.hardfloatModule.assembly
rocketchip.hardfloatModule.bspCompileClassesPath
rocketchip.hardfloatModule.bspCompileClasspath
rocketchip.hardfloatModule.bspCompiledClassesAndSemanticDbFiles
rocketchip.hardfloatModule.bspLocalClasspath
rocketchip.hardfloatModule.bspTransitiveCompileClasspath
rocketchip.hardfloatModule.bspTransitiveLocalClasspath
rocketchip.hardfloatModule.chiselPluginJar
rocketchip.hardfloatModule.compile
rocketchip.hardfloatModule.compileClasspath
rocketchip.hardfloatModule.compileIvyDeps
rocketchip.hardfloatModule.compileResources
rocketchip.hardfloatModule.compiledClassesAndSemanticDbFiles
rocketchip.hardfloatModule.console
rocketchip.hardfloatModule.crossFullScalaVersion
rocketchip.hardfloatModule.docJar
rocketchip.hardfloatModule.docJarUseArgsFile
rocketchip.hardfloatModule.docResources
rocketchip.hardfloatModule.docSources
rocketchip.hardfloatModule.finalMainClass
rocketchip.hardfloatModule.finalMainClassOpt
rocketchip.hardfloatModule.forkArgs
rocketchip.hardfloatModule.forkEnv
rocketchip.hardfloatModule.forkWorkingDir
rocketchip.hardfloatModule.generatedSources
rocketchip.hardfloatModule.ideaCompileOutput
rocketchip.hardfloatModule.ivyDeps
rocketchip.hardfloatModule.ivyDepsTree
rocketchip.hardfloatModule.jar
rocketchip.hardfloatModule.javacOptions
rocketchip.hardfloatModule.javadocOptions
rocketchip.hardfloatModule.launcher
rocketchip.hardfloatModule.localClasspath
rocketchip.hardfloatModule.mainClass
rocketchip.hardfloatModule.mandatoryIvyDeps
rocketchip.hardfloatModule.mandatoryScalacOptions
rocketchip.hardfloatModule.manifest
rocketchip.hardfloatModule.platformSuffix
rocketchip.hardfloatModule.prepareOffline
rocketchip.hardfloatModule.prependShellScript
rocketchip.hardfloatModule.repl
rocketchip.hardfloatModule.resolvedAmmoniteReplIvyDeps
rocketchip.hardfloatModule.resolvedIvyDeps
rocketchip.hardfloatModule.resolvedRunIvyDeps
rocketchip.hardfloatModule.resolvedSemanticDbJavaPluginIvyDeps
rocketchip.hardfloatModule.resources
rocketchip.hardfloatModule.run
rocketchip.hardfloatModule.runBackground
rocketchip.hardfloatModule.runClasspath
rocketchip.hardfloatModule.runIvyDeps
rocketchip.hardfloatModule.runLocal
rocketchip.hardfloatModule.runMain
rocketchip.hardfloatModule.runMainBackground
rocketchip.hardfloatModule.runMainLocal
rocketchip.hardfloatModule.runUseArgsFile
rocketchip.hardfloatModule.scalaCompilerClasspath
rocketchip.hardfloatModule.scalaDocClasspath
rocketchip.hardfloatModule.scalaDocOptions
rocketchip.hardfloatModule.scalaDocPluginClasspath
rocketchip.hardfloatModule.scalaDocPluginIvyDeps
rocketchip.hardfloatModule.scalaLibraryIvyDeps
rocketchip.hardfloatModule.scalaOrganization
rocketchip.hardfloatModule.scalaVersion
rocketchip.hardfloatModule.scalacOptions
rocketchip.hardfloatModule.scalacPluginClasspath
rocketchip.hardfloatModule.scalacPluginIvyDeps
rocketchip.hardfloatModule.semanticDbData
rocketchip.hardfloatModule.semanticDbEnablePluginScalacOptions
rocketchip.hardfloatModule.semanticDbJavaVersion
rocketchip.hardfloatModule.semanticDbPluginClasspath
rocketchip.hardfloatModule.semanticDbPluginIvyDeps
rocketchip.hardfloatModule.semanticDbScalaVersion
rocketchip.hardfloatModule.semanticDbVersion
rocketchip.hardfloatModule.showModuleDeps
rocketchip.hardfloatModule.sourceJar
rocketchip.hardfloatModule.sources
rocketchip.hardfloatModule.transitiveCompileClasspath
rocketchip.hardfloatModule.transitiveCompileIvyDeps
rocketchip.hardfloatModule.transitiveIvyDeps
rocketchip.hardfloatModule.transitiveLocalClasspath
rocketchip.hardfloatModule.unmanagedClasspath
rocketchip.hardfloatModule.upstreamAssembly
rocketchip.hardfloatModule.upstreamAssemblyClasspath
rocketchip.hardfloatModule.upstreamCompileOutput
rocketchip.hardfloatModule.zincReportCachedProblems
rocketchip.ideaCompileOutput
rocketchip.ivyDeps
rocketchip.ivyDepsTree
rocketchip.jar
rocketchip.javacOptions
rocketchip.javadocOptions
rocketchip.launcher
rocketchip.localClasspath
rocketchip.macros
rocketchip.macros.allIvyDeps
rocketchip.macros.allScalacOptions
rocketchip.macros.allSourceFiles
rocketchip.macros.allSources
rocketchip.macros.ammoniteReplClasspath
rocketchip.macros.ammoniteVersion
rocketchip.macros.artifactId
rocketchip.macros.artifactName
rocketchip.macros.artifactNameParts
rocketchip.macros.artifactScalaVersion
rocketchip.macros.artifactSuffix
rocketchip.macros.assembly
rocketchip.macros.bspCompileClassesPath
rocketchip.macros.bspCompileClasspath
rocketchip.macros.bspCompiledClassesAndSemanticDbFiles
rocketchip.macros.bspLocalClasspath
rocketchip.macros.bspTransitiveCompileClasspath
rocketchip.macros.bspTransitiveLocalClasspath
rocketchip.macros.chiselPluginJar
rocketchip.macros.compile
rocketchip.macros.compileClasspath
rocketchip.macros.compileIvyDeps
rocketchip.macros.compileResources
rocketchip.macros.compiledClassesAndSemanticDbFiles
rocketchip.macros.console
rocketchip.macros.crossFullScalaVersion
rocketchip.macros.docJar
rocketchip.macros.docJarUseArgsFile
rocketchip.macros.docResources
rocketchip.macros.docSources
rocketchip.macros.finalMainClass
rocketchip.macros.finalMainClassOpt
rocketchip.macros.forkArgs
rocketchip.macros.forkEnv
rocketchip.macros.forkWorkingDir
rocketchip.macros.generatedSources
rocketchip.macros.ideaCompileOutput
rocketchip.macros.ivyDeps
rocketchip.macros.ivyDepsTree
rocketchip.macros.jar
rocketchip.macros.javacOptions
rocketchip.macros.javadocOptions
rocketchip.macros.launcher
rocketchip.macros.localClasspath
rocketchip.macros.mainClass
rocketchip.macros.mandatoryIvyDeps
rocketchip.macros.mandatoryScalacOptions
rocketchip.macros.manifest
rocketchip.macros.platformSuffix
rocketchip.macros.prepareOffline
rocketchip.macros.prependShellScript
rocketchip.macros.repl
rocketchip.macros.resolvedAmmoniteReplIvyDeps
rocketchip.macros.resolvedIvyDeps
rocketchip.macros.resolvedRunIvyDeps
rocketchip.macros.resolvedSemanticDbJavaPluginIvyDeps
rocketchip.macros.resources
rocketchip.macros.run
rocketchip.macros.runBackground
rocketchip.macros.runClasspath
rocketchip.macros.runIvyDeps
rocketchip.macros.runLocal
rocketchip.macros.runMain
rocketchip.macros.runMainBackground
rocketchip.macros.runMainLocal
rocketchip.macros.runUseArgsFile
rocketchip.macros.scalaCompilerClasspath
rocketchip.macros.scalaDocClasspath
rocketchip.macros.scalaDocOptions
rocketchip.macros.scalaDocPluginClasspath
rocketchip.macros.scalaDocPluginIvyDeps
rocketchip.macros.scalaLibraryIvyDeps
rocketchip.macros.scalaOrganization
rocketchip.macros.scalaVersion
rocketchip.macros.scalacOptions
rocketchip.macros.scalacPluginClasspath
rocketchip.macros.scalacPluginIvyDeps
rocketchip.macros.semanticDbData
rocketchip.macros.semanticDbEnablePluginScalacOptions
rocketchip.macros.semanticDbJavaVersion
rocketchip.macros.semanticDbPluginClasspath
rocketchip.macros.semanticDbPluginIvyDeps
rocketchip.macros.semanticDbScalaVersion
rocketchip.macros.semanticDbVersion
rocketchip.macros.showModuleDeps
rocketchip.macros.sourceJar
rocketchip.macros.sources
rocketchip.macros.transitiveCompileClasspath
rocketchip.macros.transitiveCompileIvyDeps
rocketchip.macros.transitiveIvyDeps
rocketchip.macros.transitiveLocalClasspath
rocketchip.macros.unmanagedClasspath
rocketchip.macros.upstreamAssembly
rocketchip.macros.upstreamAssemblyClasspath
rocketchip.macros.upstreamCompileOutput
rocketchip.macros.zincReportCachedProblems
rocketchip.macrosModule
rocketchip.macrosModule.allIvyDeps
rocketchip.macrosModule.allScalacOptions
rocketchip.macrosModule.allSourceFiles
rocketchip.macrosModule.allSources
rocketchip.macrosModule.ammoniteReplClasspath
rocketchip.macrosModule.ammoniteVersion
rocketchip.macrosModule.artifactId
rocketchip.macrosModule.artifactName
rocketchip.macrosModule.artifactNameParts
rocketchip.macrosModule.artifactScalaVersion
rocketchip.macrosModule.artifactSuffix
rocketchip.macrosModule.assembly
rocketchip.macrosModule.bspCompileClassesPath
rocketchip.macrosModule.bspCompileClasspath
rocketchip.macrosModule.bspCompiledClassesAndSemanticDbFiles
rocketchip.macrosModule.bspLocalClasspath
rocketchip.macrosModule.bspTransitiveCompileClasspath
rocketchip.macrosModule.bspTransitiveLocalClasspath
rocketchip.macrosModule.chiselPluginJar
rocketchip.macrosModule.compile
rocketchip.macrosModule.compileClasspath
rocketchip.macrosModule.compileIvyDeps
rocketchip.macrosModule.compileResources
rocketchip.macrosModule.compiledClassesAndSemanticDbFiles
rocketchip.macrosModule.console
rocketchip.macrosModule.crossFullScalaVersion
rocketchip.macrosModule.docJar
rocketchip.macrosModule.docJarUseArgsFile
rocketchip.macrosModule.docResources
rocketchip.macrosModule.docSources
rocketchip.macrosModule.finalMainClass
rocketchip.macrosModule.finalMainClassOpt
rocketchip.macrosModule.forkArgs
rocketchip.macrosModule.forkEnv
rocketchip.macrosModule.forkWorkingDir
rocketchip.macrosModule.generatedSources
rocketchip.macrosModule.ideaCompileOutput
rocketchip.macrosModule.ivyDeps
rocketchip.macrosModule.ivyDepsTree
rocketchip.macrosModule.jar
rocketchip.macrosModule.javacOptions
rocketchip.macrosModule.javadocOptions
rocketchip.macrosModule.launcher
rocketchip.macrosModule.localClasspath
rocketchip.macrosModule.mainClass
rocketchip.macrosModule.mandatoryIvyDeps
rocketchip.macrosModule.mandatoryScalacOptions
rocketchip.macrosModule.manifest
rocketchip.macrosModule.platformSuffix
rocketchip.macrosModule.prepareOffline
rocketchip.macrosModule.prependShellScript
rocketchip.macrosModule.repl
rocketchip.macrosModule.resolvedAmmoniteReplIvyDeps
rocketchip.macrosModule.resolvedIvyDeps
rocketchip.macrosModule.resolvedRunIvyDeps
rocketchip.macrosModule.resolvedSemanticDbJavaPluginIvyDeps
rocketchip.macrosModule.resources
rocketchip.macrosModule.run
rocketchip.macrosModule.runBackground
rocketchip.macrosModule.runClasspath
rocketchip.macrosModule.runIvyDeps
rocketchip.macrosModule.runLocal
rocketchip.macrosModule.runMain
rocketchip.macrosModule.runMainBackground
rocketchip.macrosModule.runMainLocal
rocketchip.macrosModule.runUseArgsFile
rocketchip.macrosModule.scalaCompilerClasspath
rocketchip.macrosModule.scalaDocClasspath
rocketchip.macrosModule.scalaDocOptions
rocketchip.macrosModule.scalaDocPluginClasspath
rocketchip.macrosModule.scalaDocPluginIvyDeps
rocketchip.macrosModule.scalaLibraryIvyDeps
rocketchip.macrosModule.scalaOrganization
rocketchip.macrosModule.scalaVersion
rocketchip.macrosModule.scalacOptions
rocketchip.macrosModule.scalacPluginClasspath
rocketchip.macrosModule.scalacPluginIvyDeps
rocketchip.macrosModule.semanticDbData
rocketchip.macrosModule.semanticDbEnablePluginScalacOptions
rocketchip.macrosModule.semanticDbJavaVersion
rocketchip.macrosModule.semanticDbPluginClasspath
rocketchip.macrosModule.semanticDbPluginIvyDeps
rocketchip.macrosModule.semanticDbScalaVersion
rocketchip.macrosModule.semanticDbVersion
rocketchip.macrosModule.showModuleDeps
rocketchip.macrosModule.sourceJar
rocketchip.macrosModule.sources
rocketchip.macrosModule.transitiveCompileClasspath
rocketchip.macrosModule.transitiveCompileIvyDeps
rocketchip.macrosModule.transitiveIvyDeps
rocketchip.macrosModule.transitiveLocalClasspath
rocketchip.macrosModule.unmanagedClasspath
rocketchip.macrosModule.upstreamAssembly
rocketchip.macrosModule.upstreamAssemblyClasspath
rocketchip.macrosModule.upstreamCompileOutput
rocketchip.macrosModule.zincReportCachedProblems
rocketchip.mainClass
rocketchip.mandatoryIvyDeps
rocketchip.mandatoryScalacOptions
rocketchip.manifest
rocketchip.platformSuffix
rocketchip.prepareOffline
rocketchip.prependShellScript
rocketchip.repl
rocketchip.resolvedAmmoniteReplIvyDeps
rocketchip.resolvedIvyDeps
rocketchip.resolvedRunIvyDeps
rocketchip.resolvedSemanticDbJavaPluginIvyDeps
rocketchip.resources
rocketchip.run
rocketchip.runBackground
rocketchip.runClasspath
rocketchip.runIvyDeps
rocketchip.runLocal
rocketchip.runMain
rocketchip.runMainBackground
rocketchip.runMainLocal
rocketchip.runUseArgsFile
rocketchip.scalaCompilerClasspath
rocketchip.scalaDocClasspath
rocketchip.scalaDocOptions
rocketchip.scalaDocPluginClasspath
rocketchip.scalaDocPluginIvyDeps
rocketchip.scalaLibraryIvyDeps
rocketchip.scalaOrganization
rocketchip.scalaVersion
rocketchip.scalacOptions
rocketchip.scalacPluginClasspath
rocketchip.scalacPluginIvyDeps
rocketchip.semanticDbData
rocketchip.semanticDbEnablePluginScalacOptions
rocketchip.semanticDbJavaVersion
rocketchip.semanticDbPluginClasspath
rocketchip.semanticDbPluginIvyDeps
rocketchip.semanticDbScalaVersion
rocketchip.semanticDbVersion
rocketchip.showModuleDeps
rocketchip.sourceJar
rocketchip.sources
rocketchip.transitiveCompileClasspath
rocketchip.transitiveCompileIvyDeps
rocketchip.transitiveIvyDeps
rocketchip.transitiveLocalClasspath
rocketchip.unmanagedClasspath
rocketchip.upstreamAssembly
rocketchip.upstreamAssemblyClasspath
rocketchip.upstreamCompileOutput
rocketchip.zincReportCachedProblems
show
showNamed
shutdown
utility
utility.allIvyDeps
utility.allScalacOptions
utility.allSourceFiles
utility.allSources
utility.ammoniteReplClasspath
utility.ammoniteVersion
utility.artifactId
utility.artifactName
utility.artifactNameParts
utility.artifactScalaVersion
utility.artifactSuffix
utility.assembly
utility.bspCompileClassesPath
utility.bspCompileClasspath
utility.bspCompiledClassesAndSemanticDbFiles
utility.bspLocalClasspath
utility.bspTransitiveCompileClasspath
utility.bspTransitiveLocalClasspath
utility.chiselPluginJar
utility.compile
utility.compileClasspath
utility.compileIvyDeps
utility.compileResources
utility.compiledClassesAndSemanticDbFiles
utility.console
utility.crossFullScalaVersion
utility.docJar
utility.docJarUseArgsFile
utility.docResources
utility.docSources
utility.finalMainClass
utility.finalMainClassOpt
utility.forkArgs
utility.forkEnv
utility.forkWorkingDir
utility.generatedSources
utility.ideaCompileOutput
utility.ivyDeps
utility.ivyDepsTree
utility.jar
utility.javacOptions
utility.javadocOptions
utility.launcher
utility.localClasspath
utility.mainClass
utility.mandatoryIvyDeps
utility.mandatoryScalacOptions
utility.manifest
utility.platformSuffix
utility.prepareOffline
utility.prependShellScript
utility.repl
utility.resolvedAmmoniteReplIvyDeps
utility.resolvedIvyDeps
utility.resolvedRunIvyDeps
utility.resolvedSemanticDbJavaPluginIvyDeps
utility.resources
utility.run
utility.runBackground
utility.runClasspath
utility.runIvyDeps
utility.runLocal
utility.runMain
utility.runMainBackground
utility.runMainLocal
utility.runUseArgsFile
utility.scalaCompilerClasspath
utility.scalaDocClasspath
utility.scalaDocOptions
utility.scalaDocPluginClasspath
utility.scalaDocPluginIvyDeps
utility.scalaLibraryIvyDeps
utility.scalaOrganization
utility.scalaVersion
utility.scalacOptions
utility.scalacPluginClasspath
utility.scalacPluginIvyDeps
utility.semanticDbData
utility.semanticDbEnablePluginScalacOptions
utility.semanticDbJavaVersion
utility.semanticDbPluginClasspath
utility.semanticDbPluginIvyDeps
utility.semanticDbScalaVersion
utility.semanticDbVersion
utility.showModuleDeps
utility.sourceJar
utility.sources
utility.transitiveCompileClasspath
utility.transitiveCompileIvyDeps
utility.transitiveIvyDeps
utility.transitiveLocalClasspath
utility.unmanagedClasspath
utility.upstreamAssembly
utility.upstreamAssemblyClasspath
utility.upstreamCompileOutput
utility.zincReportCachedProblems
version
visualize
visualizePlan
